{"/app/src/commands/create.js": {"path":"/app/src/commands/create.js","statementMap":{"0":{"start":{"line":11,"column":18},"end":{"line":11,"column":62}},"1":{"start":{"line":19,"column":2},"end":{"line":24,"column":3}},"2":{"start":{"line":20,"column":4},"end":{"line":20,"column":62}},"3":{"start":{"line":21,"column":4},"end":{"line":21,"column":16}},"4":{"start":{"line":23,"column":4},"end":{"line":23,"column":17}},"5":{"start":{"line":33,"column":2},"end":{"line":36,"column":4}},"6":{"start":{"line":40,"column":24},"end":{"line":40,"column":63}},"7":{"start":{"line":41,"column":29},"end":{"line":43,"column":80}},"8":{"start":{"line":43,"column":22},"end":{"line":43,"column":79}},"9":{"start":{"line":45,"column":20},"end":{"line":45,"column":24}},"10":{"start":{"line":46,"column":20},"end":{"line":46,"column":24}},"11":{"start":{"line":51,"column":2},"end":{"line":73,"column":3}},"12":{"start":{"line":52,"column":4},"end":{"line":72,"column":5}},"13":{"start":{"line":53,"column":6},"end":{"line":56,"column":7}},"14":{"start":{"line":54,"column":8},"end":{"line":54,"column":90}},"15":{"start":{"line":55,"column":8},"end":{"line":55,"column":24}},"16":{"start":{"line":57,"column":6},"end":{"line":57,"column":77}},"17":{"start":{"line":58,"column":6},"end":{"line":69,"column":7}},"18":{"start":{"line":59,"column":23},"end":{"line":59,"column":57}},"19":{"start":{"line":60,"column":8},"end":{"line":60,"column":33}},"20":{"start":{"line":61,"column":8},"end":{"line":64,"column":11}},"21":{"start":{"line":65,"column":8},"end":{"line":65,"column":35}},"22":{"start":{"line":67,"column":8},"end":{"line":67,"column":76}},"23":{"start":{"line":68,"column":8},"end":{"line":68,"column":24}},"24":{"start":{"line":71,"column":6},"end":{"line":71,"column":52}},"25":{"start":{"line":76,"column":2},"end":{"line":96,"column":3}},"26":{"start":{"line":77,"column":20},"end":{"line":92,"column":6}},"27":{"start":{"line":94,"column":4},"end":{"line":94,"column":46}},"28":{"start":{"line":95,"column":4},"end":{"line":95,"column":46}},"29":{"start":{"line":98,"column":2},"end":{"line":100,"column":3}},"30":{"start":{"line":99,"column":4},"end":{"line":99,"column":57}},"31":{"start":{"line":102,"column":21},"end":{"line":102,"column":58}},"32":{"start":{"line":104,"column":2},"end":{"line":107,"column":3}},"33":{"start":{"line":105,"column":4},"end":{"line":105,"column":59}},"34":{"start":{"line":106,"column":4},"end":{"line":106,"column":20}},"35":{"start":{"line":110,"column":2},"end":{"line":126,"column":3}},"36":{"start":{"line":111,"column":26},"end":{"line":118,"column":6}},"37":{"start":{"line":120,"column":4},"end":{"line":124,"column":5}},"38":{"start":{"line":121,"column":6},"end":{"line":121,"column":41}},"39":{"start":{"line":122,"column":6},"end":{"line":122,"column":35}},"40":{"start":{"line":122,"column":19},"end":{"line":122,"column":35}},"41":{"start":{"line":123,"column":6},"end":{"line":123,"column":22}},"42":{"start":{"line":125,"column":4},"end":{"line":125,"column":60}},"43":{"start":{"line":129,"column":2},"end":{"line":132,"column":3}},"44":{"start":{"line":130,"column":4},"end":{"line":130,"column":97}},"45":{"start":{"line":131,"column":4},"end":{"line":131,"column":20}},"46":{"start":{"line":133,"column":2},"end":{"line":136,"column":3}},"47":{"start":{"line":134,"column":4},"end":{"line":134,"column":95}},"48":{"start":{"line":135,"column":4},"end":{"line":135,"column":20}},"49":{"start":{"line":138,"column":2},"end":{"line":196,"column":3}},"50":{"start":{"line":139,"column":23},"end":{"line":139,"column":42}},"51":{"start":{"line":142,"column":20},"end":{"line":155,"column":6}},"52":{"start":{"line":158,"column":4},"end":{"line":160,"column":5}},"53":{"start":{"line":159,"column":6},"end":{"line":159,"column":68}},"54":{"start":{"line":162,"column":22},"end":{"line":167,"column":5}},"55":{"start":{"line":169,"column":4},"end":{"line":169,"column":49}},"56":{"start":{"line":172,"column":24},"end":{"line":179,"column":6}},"57":{"start":{"line":181,"column":4},"end":{"line":188,"column":5}},"58":{"start":{"line":182,"column":6},"end":{"line":187,"column":7}},"59":{"start":{"line":183,"column":8},"end":{"line":183,"column":76}},"60":{"start":{"line":184,"column":8},"end":{"line":184,"column":48}},"61":{"start":{"line":186,"column":8},"end":{"line":186,"column":83}},"62":{"start":{"line":190,"column":4},"end":{"line":190,"column":63}},"63":{"start":{"line":192,"column":4},"end":{"line":192,"column":74}},"64":{"start":{"line":193,"column":4},"end":{"line":193,"column":20}},"65":{"start":{"line":195,"column":4},"end":{"line":195,"column":33}},"66":{"start":{"line":195,"column":17},"end":{"line":195,"column":33}}},"fnMap":{"0":{"name":"isCommandAvailable","decl":{"start":{"line":18,"column":9},"end":{"line":18,"column":27}},"loc":{"start":{"line":18,"column":37},"end":{"line":25,"column":1}},"line":18},"1":{"name":"isGitUrl","decl":{"start":{"line":32,"column":9},"end":{"line":32,"column":17}},"loc":{"start":{"line":32,"column":23},"end":{"line":37,"column":1}},"line":32},"2":{"name":"(anonymous_2)","decl":{"start":{"line":39,"column":15},"end":{"line":39,"column":16}},"loc":{"start":{"line":39,"column":57},"end":{"line":197,"column":1}},"line":39},"3":{"name":"(anonymous_3)","decl":{"start":{"line":43,"column":12},"end":{"line":43,"column":13}},"loc":{"start":{"line":43,"column":22},"end":{"line":43,"column":79}},"line":43}},"branchMap":{"0":{"loc":{"start":{"line":34,"column":4},"end":{"line":35,"column":87}},"type":"binary-expr","locations":[{"start":{"line":34,"column":4},"end":{"line":34,"column":27}},{"start":{"line":35,"column":5},"end":{"line":35,"column":30}},{"start":{"line":35,"column":34},"end":{"line":35,"column":60}},{"start":{"line":35,"column":64},"end":{"line":35,"column":86}}],"line":34},"1":{"loc":{"start":{"line":39,"column":43},"end":{"line":39,"column":55}},"type":"default-arg","locations":[{"start":{"line":39,"column":53},"end":{"line":39,"column":55}}],"line":39},"2":{"loc":{"start":{"line":51,"column":2},"end":{"line":73,"column":3}},"type":"if","locations":[{"start":{"line":51,"column":2},"end":{"line":73,"column":3}},{"start":{},"end":{}}],"line":51},"3":{"loc":{"start":{"line":52,"column":4},"end":{"line":72,"column":5}},"type":"if","locations":[{"start":{"line":52,"column":4},"end":{"line":72,"column":5}},{"start":{"line":70,"column":11},"end":{"line":72,"column":5}}],"line":52},"4":{"loc":{"start":{"line":53,"column":6},"end":{"line":56,"column":7}},"type":"if","locations":[{"start":{"line":53,"column":6},"end":{"line":56,"column":7}},{"start":{},"end":{}}],"line":53},"5":{"loc":{"start":{"line":76,"column":2},"end":{"line":96,"column":3}},"type":"if","locations":[{"start":{"line":76,"column":2},"end":{"line":96,"column":3}},{"start":{},"end":{}}],"line":76},"6":{"loc":{"start":{"line":76,"column":6},"end":{"line":76,"column":53}},"type":"binary-expr","locations":[{"start":{"line":76,"column":6},"end":{"line":76,"column":18}},{"start":{"line":76,"column":23},"end":{"line":76,"column":36}},{"start":{"line":76,"column":40},"end":{"line":76,"column":52}}],"line":76},"7":{"loc":{"start":{"line":83,"column":14},"end":{"line":83,"column":43}},"type":"binary-expr","locations":[{"start":{"line":83,"column":14},"end":{"line":83,"column":27}},{"start":{"line":83,"column":31},"end":{"line":83,"column":43}}],"line":83},"8":{"loc":{"start":{"line":94,"column":18},"end":{"line":94,"column":45}},"type":"binary-expr","locations":[{"start":{"line":94,"column":18},"end":{"line":94,"column":29}},{"start":{"line":94,"column":33},"end":{"line":94,"column":45}}],"line":94},"9":{"loc":{"start":{"line":95,"column":18},"end":{"line":95,"column":45}},"type":"binary-expr","locations":[{"start":{"line":95,"column":18},"end":{"line":95,"column":29}},{"start":{"line":95,"column":33},"end":{"line":95,"column":45}}],"line":95},"10":{"loc":{"start":{"line":98,"column":2},"end":{"line":100,"column":3}},"type":"if","locations":[{"start":{"line":98,"column":2},"end":{"line":100,"column":3}},{"start":{},"end":{}}],"line":98},"11":{"loc":{"start":{"line":104,"column":2},"end":{"line":107,"column":3}},"type":"if","locations":[{"start":{"line":104,"column":2},"end":{"line":107,"column":3}},{"start":{},"end":{}}],"line":104},"12":{"loc":{"start":{"line":110,"column":2},"end":{"line":126,"column":3}},"type":"if","locations":[{"start":{"line":110,"column":2},"end":{"line":126,"column":3}},{"start":{},"end":{}}],"line":110},"13":{"loc":{"start":{"line":120,"column":4},"end":{"line":124,"column":5}},"type":"if","locations":[{"start":{"line":120,"column":4},"end":{"line":124,"column":5}},{"start":{},"end":{}}],"line":120},"14":{"loc":{"start":{"line":122,"column":6},"end":{"line":122,"column":35}},"type":"if","locations":[{"start":{"line":122,"column":6},"end":{"line":122,"column":35}},{"start":{},"end":{}}],"line":122},"15":{"loc":{"start":{"line":129,"column":2},"end":{"line":132,"column":3}},"type":"if","locations":[{"start":{"line":129,"column":2},"end":{"line":132,"column":3}},{"start":{},"end":{}}],"line":129},"16":{"loc":{"start":{"line":129,"column":6},"end":{"line":129,"column":62}},"type":"binary-expr","locations":[{"start":{"line":129,"column":6},"end":{"line":129,"column":27}},{"start":{"line":129,"column":31},"end":{"line":129,"column":62}}],"line":129},"17":{"loc":{"start":{"line":133,"column":2},"end":{"line":136,"column":3}},"type":"if","locations":[{"start":{"line":133,"column":2},"end":{"line":136,"column":3}},{"start":{},"end":{}}],"line":133},"18":{"loc":{"start":{"line":133,"column":6},"end":{"line":133,"column":97}},"type":"binary-expr","locations":[{"start":{"line":133,"column":6},"end":{"line":133,"column":30}},{"start":{"line":133,"column":34},"end":{"line":133,"column":64}},{"start":{"line":133,"column":68},"end":{"line":133,"column":97}}],"line":133},"19":{"loc":{"start":{"line":153,"column":17},"end":{"line":153,"column":40}},"type":"binary-expr","locations":[{"start":{"line":153,"column":17},"end":{"line":153,"column":34}},{"start":{"line":153,"column":38},"end":{"line":153,"column":40}}],"line":153},"20":{"loc":{"start":{"line":158,"column":4},"end":{"line":160,"column":5}},"type":"if","locations":[{"start":{"line":158,"column":4},"end":{"line":160,"column":5}},{"start":{},"end":{}}],"line":158},"21":{"loc":{"start":{"line":181,"column":4},"end":{"line":188,"column":5}},"type":"if","locations":[{"start":{"line":181,"column":4},"end":{"line":188,"column":5}},{"start":{},"end":{}}],"line":181},"22":{"loc":{"start":{"line":182,"column":6},"end":{"line":187,"column":7}},"type":"if","locations":[{"start":{"line":182,"column":6},"end":{"line":187,"column":7}},{"start":{"line":185,"column":13},"end":{"line":187,"column":7}}],"line":182},"23":{"loc":{"start":{"line":195,"column":4},"end":{"line":195,"column":33}},"type":"if","locations":[{"start":{"line":195,"column":4},"end":{"line":195,"column":33}},{"start":{},"end":{}}],"line":195}},"s":{"0":1,"1":0,"2":0,"3":0,"4":0,"5":0,"6":4,"7":4,"8":44,"9":4,"10":4,"11":4,"12":0,"13":0,"14":0,"15":0,"16":0,"17":0,"18":0,"19":0,"20":0,"21":0,"22":0,"23":0,"24":0,"25":4,"26":0,"27":0,"28":0,"29":4,"30":4,"31":4,"32":4,"33":1,"34":1,"35":3,"36":2,"37":2,"38":1,"39":1,"40":0,"41":1,"42":1,"43":2,"44":0,"45":0,"46":2,"47":0,"48":0,"49":2,"50":2,"51":2,"52":2,"53":0,"54":2,"55":2,"56":2,"57":2,"58":0,"59":0,"60":0,"61":0,"62":2,"63":0,"64":0,"65":2,"66":0},"f":{"0":0,"1":0,"2":4,"3":44},"b":{"0":[0,0,0,0],"1":[4],"2":[0,4],"3":[0,0],"4":[0,0],"5":[0,4],"6":[4,4,4],"7":[0,0],"8":[0,0],"9":[0,0],"10":[4,0],"11":[1,3],"12":[2,1],"13":[1,1],"14":[0,1],"15":[0,2],"16":[2,0],"17":[0,2],"18":[2,0,0],"19":[2,0],"20":[0,2],"21":[0,2],"22":[0,0],"23":[0,2]},"_coverageSchema":"1a1c01bbd47fc00a2c39e90264f33305004495a9","hash":"62dba44a4cf49eca680375db7981ee6c2b6a3155"}
,"/app/src/core/templateEngine.js": {"path":"/app/src/core/templateEngine.js","statementMap":{"0":{"start":{"line":11,"column":21},"end":{"line":11,"column":50}},"1":{"start":{"line":12,"column":2},"end":{"line":14,"column":3}},"2":{"start":{"line":12,"column":15},"end":{"line":12,"column":16}},"3":{"start":{"line":13,"column":4},"end":{"line":13,"column":37}},"4":{"start":{"line":13,"column":25},"end":{"line":13,"column":37}},"5":{"start":{"line":15,"column":2},"end":{"line":15,"column":15}},"6":{"start":{"line":25,"column":2},"end":{"line":25,"column":42}},"7":{"start":{"line":27,"column":18},"end":{"line":27,"column":37}},"8":{"start":{"line":29,"column":2},"end":{"line":51,"column":3}},"9":{"start":{"line":30,"column":20},"end":{"line":30,"column":41}},"10":{"start":{"line":31,"column":21},"end":{"line":31,"column":43}},"11":{"start":{"line":33,"column":17},"end":{"line":33,"column":37}},"12":{"start":{"line":35,"column":4},"end":{"line":50,"column":5}},"13":{"start":{"line":36,"column":6},"end":{"line":36,"column":44}},"14":{"start":{"line":38,"column":21},"end":{"line":38,"column":45}},"15":{"start":{"line":40,"column":6},"end":{"line":49,"column":7}},"16":{"start":{"line":41,"column":8},"end":{"line":41,"column":43}},"17":{"start":{"line":43,"column":22},"end":{"line":43,"column":45}},"18":{"start":{"line":45,"column":8},"end":{"line":47,"column":9}},"19":{"start":{"line":46,"column":10},"end":{"line":46,"column":60}},"20":{"start":{"line":48,"column":8},"end":{"line":48,"column":44}}},"fnMap":{"0":{"name":"isBinary","decl":{"start":{"line":9,"column":16},"end":{"line":9,"column":24}},"loc":{"start":{"line":9,"column":33},"end":{"line":16,"column":1}},"line":9},"1":{"name":"copyDir","decl":{"start":{"line":24,"column":16},"end":{"line":24,"column":23}},"loc":{"start":{"line":24,"column":46},"end":{"line":52,"column":1}},"line":24}},"branchMap":{"0":{"loc":{"start":{"line":13,"column":4},"end":{"line":13,"column":37}},"type":"if","locations":[{"start":{"line":13,"column":4},"end":{"line":13,"column":37}},{"start":{},"end":{}}],"line":13},"1":{"loc":{"start":{"line":35,"column":4},"end":{"line":50,"column":5}},"type":"if","locations":[{"start":{"line":35,"column":4},"end":{"line":50,"column":5}},{"start":{"line":37,"column":11},"end":{"line":50,"column":5}}],"line":35},"2":{"loc":{"start":{"line":40,"column":6},"end":{"line":49,"column":7}},"type":"if","locations":[{"start":{"line":40,"column":6},"end":{"line":49,"column":7}},{"start":{"line":42,"column":13},"end":{"line":49,"column":7}}],"line":40}},"s":{"0":6,"1":6,"2":6,"3":143,"4":2,"5":4,"6":4,"7":4,"8":4,"9":7,"10":7,"11":7,"12":7,"13":1,"14":6,"15":6,"16":2,"17":4,"18":4,"19":5,"20":4},"f":{"0":6,"1":4},"b":{"0":[2,141],"1":[1,6],"2":[2,4]},"_coverageSchema":"1a1c01bbd47fc00a2c39e90264f33305004495a9","hash":"763a8f3436709b5c602a9e4e4cb51d53c8f82535"}
,"/app/src/utils/config.js": {"path":"/app/src/utils/config.js","statementMap":{"0":{"start":{"line":5,"column":20},"end":{"line":5,"column":64}},"1":{"start":{"line":12,"column":2},"end":{"line":14,"column":3}},"2":{"start":{"line":13,"column":4},"end":{"line":13,"column":14}},"3":{"start":{"line":15,"column":2},"end":{"line":20,"column":3}},"4":{"start":{"line":16,"column":20},"end":{"line":16,"column":56}},"5":{"start":{"line":17,"column":4},"end":{"line":17,"column":31}},"6":{"start":{"line":19,"column":4},"end":{"line":19,"column":14}},"7":{"start":{"line":28,"column":2},"end":{"line":32,"column":3}},"8":{"start":{"line":29,"column":4},"end":{"line":29,"column":75}}},"fnMap":{"0":{"name":"readConfig","decl":{"start":{"line":11,"column":16},"end":{"line":11,"column":26}},"loc":{"start":{"line":11,"column":29},"end":{"line":21,"column":1}},"line":11},"1":{"name":"writeConfig","decl":{"start":{"line":27,"column":16},"end":{"line":27,"column":27}},"loc":{"start":{"line":27,"column":36},"end":{"line":33,"column":1}},"line":27}},"branchMap":{"0":{"loc":{"start":{"line":12,"column":2},"end":{"line":14,"column":3}},"type":"if","locations":[{"start":{"line":12,"column":2},"end":{"line":14,"column":3}},{"start":{},"end":{}}],"line":12}},"s":{"0":1,"1":2,"2":0,"3":2,"4":2,"5":2,"6":0,"7":0,"8":0},"f":{"0":2,"1":0},"b":{"0":[0,2]},"_coverageSchema":"1a1c01bbd47fc00a2c39e90264f33305004495a9","hash":"5aabd1679a85cf2dc6b2490744f26ae9649f2459"}
}
