TN:
SF:src/commands/create.js
FN:18,isCommandAvailable
FN:32,isGitUrl
FN:39,(anonymous_2)
FN:43,(anonymous_3)
FNF:4
FNH:2
FNDA:0,isCommandAvailable
FNDA:0,isGitUrl
FNDA:4,(anonymous_2)
FNDA:44,(anonymous_3)
DA:11,1
DA:19,0
DA:20,0
DA:21,0
DA:23,0
DA:33,0
DA:40,4
DA:41,4
DA:43,44
DA:45,4
DA:46,4
DA:51,4
DA:52,0
DA:53,0
DA:54,0
DA:55,0
DA:57,0
DA:58,0
DA:59,0
DA:60,0
DA:61,0
DA:65,0
DA:67,0
DA:68,0
DA:71,0
DA:76,4
DA:77,0
DA:94,0
DA:95,0
DA:98,4
DA:99,4
DA:102,4
DA:104,4
DA:105,1
DA:106,1
DA:110,3
DA:111,2
DA:120,2
DA:121,1
DA:122,1
DA:123,1
DA:125,1
DA:129,2
DA:130,0
DA:131,0
DA:133,2
DA:134,0
DA:135,0
DA:138,2
DA:139,2
DA:142,2
DA:158,2
DA:159,0
DA:162,2
DA:169,2
DA:172,2
DA:181,2
DA:182,0
DA:183,0
DA:184,0
DA:186,0
DA:190,2
DA:192,0
DA:193,0
DA:195,2
LF:65
LH:33
BRDA:34,0,0,0
BRDA:34,0,1,0
BRDA:34,0,2,0
BRDA:34,0,3,0
BRDA:39,1,0,4
BRDA:51,2,0,0
BRDA:51,2,1,4
BRDA:52,3,0,0
BRDA:52,3,1,0
BRDA:53,4,0,0
BRDA:53,4,1,0
BRDA:76,5,0,0
BRDA:76,5,1,4
BRDA:76,6,0,4
BRDA:76,6,1,4
BRDA:76,6,2,4
BRDA:83,7,0,0
BRDA:83,7,1,0
BRDA:94,8,0,0
BRDA:94,8,1,0
BRDA:95,9,0,0
BRDA:95,9,1,0
BRDA:98,10,0,4
BRDA:98,10,1,0
BRDA:104,11,0,1
BRDA:104,11,1,3
BRDA:110,12,0,2
BRDA:110,12,1,1
BRDA:120,13,0,1
BRDA:120,13,1,1
BRDA:122,14,0,0
BRDA:122,14,1,1
BRDA:129,15,0,0
BRDA:129,15,1,2
BRDA:129,16,0,2
BRDA:129,16,1,0
BRDA:133,17,0,0
BRDA:133,17,1,2
BRDA:133,18,0,2
BRDA:133,18,1,0
BRDA:133,18,2,0
BRDA:153,19,0,2
BRDA:153,19,1,0
BRDA:158,20,0,0
BRDA:158,20,1,2
BRDA:181,21,0,0
BRDA:181,21,1,2
BRDA:182,22,0,0
BRDA:182,22,1,0
BRDA:195,23,0,0
BRDA:195,23,1,2
BRF:51
BRH:22
end_of_record
TN:
SF:src/core/templateEngine.js
FN:9,isBinary
FN:24,copyDir
FNF:2
FNH:2
FNDA:6,isBinary
FNDA:4,copyDir
DA:11,6
DA:12,6
DA:13,143
DA:15,4
DA:25,4
DA:27,4
DA:29,4
DA:30,7
DA:31,7
DA:33,7
DA:35,7
DA:36,1
DA:38,6
DA:40,6
DA:41,2
DA:43,4
DA:45,4
DA:46,5
DA:48,4
LF:19
LH:19
BRDA:13,0,0,2
BRDA:13,0,1,141
BRDA:35,1,0,1
BRDA:35,1,1,6
BRDA:40,2,0,2
BRDA:40,2,1,4
BRF:6
BRH:6
end_of_record
TN:
SF:src/utils/config.js
FN:11,readConfig
FN:27,writeConfig
FNF:2
FNH:1
FNDA:2,readConfig
FNDA:0,writeConfig
DA:5,1
DA:12,2
DA:13,0
DA:15,2
DA:16,2
DA:17,2
DA:19,0
DA:28,0
DA:29,0
LF:9
LH:5
BRDA:12,0,0,0
BRDA:12,0,1,2
BRF:2
BRH:1
end_of_record
